Using bundled DotNet SDK version: 8.0.412 win-x64
Running UnrealBuildTool: dotnet "..\..\Engine\Binaries\DotNET\UnrealBuildTool\UnrealBuildTool.dll" UnrealEditor Win64 Development -WaitMutex
Log file: E:\UE57src\Engine\Programs\UnrealBuildTool\Log.txt
Using 'git status' to determine working set for adaptive non-unity build (E:\UE57src).
Building UnrealEditor...
Using Visual Studio 2022 14.44.35226 toolchain (C:\Program Files (x86)\Microsoft Visual Studio\2022\BuildTools\VC\Tools\MSVC\14.44.35207) and Windows 10.0.26100.0 SDK (C:\Program Files (x86)\Windows Kits\10).
Determining max actions to execute in parallel (10 physical cores, 16 logical cores)
  Executing up to 10 processes, one per physical core
Using Unreal Build Accelerator local executor to run 5 action(s)
  Storage capacity 40Gb
---- Starting trace: 260527_201848 ----
UbaSessionServer - Disable remote execution (remote sessions will finish current processes)
[1/5] Compile [x64] Module.Engine.44.cpp
[2/5] Link [x64] UnrealEditor-Engine.lib
[3/5] Link [x64] UnrealEditor-Engine.dll
[4/5] WriteMetadata UnrealEditor.version [NoUba]
[5/5] WriteMetadata UnrealEditor.target [NoUba]

Trace written to file E:/UE57src/Engine/Programs/UnrealBuildTool/Log.uba with size 5.8kb
Total time in Unreal Build Accelerator local executor: 25.55 seconds

Result: Succeeded
Total execution time: 37.56 seconds
